[INFO][articles.go:68]2021/08/02 14:17:52 [err.key: %s, err.message: %s state 状态只允许0或1]
[INFO][articles.go:68]2021/08/02 14:17:52 [err.key: %s, err.message: %s tag_id 标签ID必须大于0]
[INFO][articles.go:68]2021/08/02 14:17:54 [err.key: %s, err.message: %s state 状态只允许0或1]
[INFO][articles.go:68]2021/08/02 14:17:54 [err.key: %s, err.message: %s tag_id 标签ID必须大于0]
[INFO][articles.go:68]2021/08/02 14:17:54 [err.key: %s, err.message: %s state 状态只允许0或1]
[INFO][articles.go:68]2021/08/02 14:17:54 [err.key: %s, err.message: %s tag_id 标签ID必须大于0]
[INFO][articles.go:69]2021/08/02 14:19:21 [err.key: state, err.message: 状态只允许0或1]
[INFO][articles.go:69]2021/08/02 14:19:21 [err.key: tag_id, err.message: 标签ID必须大于0]
[INFO][articles.go:69]2021/08/02 14:19:22 [err.key: state, err.message: 状态只允许0或1]
[INFO][articles.go:69]2021/08/02 14:19:22 [err.key: tag_id, err.message: 标签ID必须大于0]
[INFO][main.go:21]2021/08/02 14:27:52 [Actual pid is 39828]
[WARN][main.go:25]2021/08/02 14:28:27 [Server err: accept tcp [::]:5000: use of closed network connection]
[INFO][main.go:21]2021/08/02 14:28:35 [Actual pid is 39852]
[INFO][main.go:21]2021/08/02 14:28:49 [Actual pid is 39856]
[WARN][main.go:25]2021/08/02 14:28:49 [Server err: accept tcp [::]:5000: use of closed network connection]
[INFO][main.go:21]2021/08/02 14:28:49 [Actual pid is 39864]
[WARN][main.go:25]2021/08/02 14:28:49 [Server err: accept tcp [::]:5000: use of closed network connection]
[INFO][articles.go:69]2021/08/02 14:30:39 [err.key: state, err.message: 状态只允许0或1]
[INFO][articles.go:69]2021/08/02 14:30:39 [err.key: tag_id, err.message: 标签ID必须大于0]
[INFO][articles.go:69]2021/08/02 14:30:50 [err.key: state, err.message: 状态只允许0或1]
[INFO][articles.go:69]2021/08/02 14:30:50 [err.key: tag_id, err.message: 标签ID必须大于0]
[INFO][articles.go:69]2021/08/02 14:30:51 [err.key: state, err.message: 状态只允许0或1]
[INFO][articles.go:69]2021/08/02 14:30:51 [err.key: tag_id, err.message: 标签ID必须大于0]
